<?xml version="1.0" encoding="UTF-8"?>
<testng-results ignored="0" total="2" passed="2" failed="0" skipped="0">
  <reporter-output>
  </reporter-output>
  <suite started-at="2023-07-17T22:55:37 IST" name="OpencartSuite" finished-at="2023-07-17T22:55:46 IST" duration-ms="9753">
    <groups>
      <group name="Master">
        <method signature="TC_001_AccountRegistration.test_account_Registration()[pri:0, instance:testCases.TC_001_AccountRegistration@6bbe85a8]" name="test_account_Registration" class="testCases.TC_001_AccountRegistration"/>
      </group> <!-- Master -->
      <group name="Regression">
        <method signature="TC_001_AccountRegistration.test_account_Registration()[pri:0, instance:testCases.TC_001_AccountRegistration@6bbe85a8]" name="test_account_Registration" class="testCases.TC_001_AccountRegistration"/>
      </group> <!-- Regression -->
    </groups>
    <test started-at="2023-07-17T22:55:37 IST" name="OpencartTest" finished-at="2023-07-17T22:55:46 IST" duration-ms="9753">
      <class name="testCases.TC_001_AccountRegistration">
        <test-method is-config="true" signature="setup(java.lang.String)[pri:0, instance:testCases.TC_001_AccountRegistration@6bbe85a8]" started-at="2023-07-17T22:55:37 IST" name="setup" finished-at="2023-07-17T22:55:41 IST" duration-ms="3700" status="PASS">
          <params>
            <param index="0">
              <value>
                <![CDATA[chrome]]>
              </value>
            </param>
          </params>
          <reporter-output>
          </reporter-output>
        </test-method> <!-- setup -->
        <test-method signature="test_account_Registration()[pri:0, instance:testCases.TC_001_AccountRegistration@6bbe85a8]" started-at="2023-07-17T22:55:41 IST" name="test_account_Registration" finished-at="2023-07-17T22:55:45 IST" duration-ms="4503" status="PASS">
          <reporter-output>
          </reporter-output>
        </test-method> <!-- test_account_Registration -->
        <test-method signature="test_account_Registration1()[pri:0, instance:testCases.TC_001_AccountRegistration@6bbe85a8]" started-at="2023-07-17T22:55:45 IST" name="test_account_Registration1" finished-at="2023-07-17T22:55:46 IST" duration-ms="1026" status="PASS">
          <reporter-output>
          </reporter-output>
        </test-method> <!-- test_account_Registration1 -->
        <test-method is-config="true" signature="tearDown()[pri:0, instance:testCases.TC_001_AccountRegistration@6bbe85a8]" started-at="2023-07-17T22:55:46 IST" name="tearDown" finished-at="2023-07-17T22:55:46 IST" duration-ms="239" status="PASS">
          <reporter-output>
          </reporter-output>
        </test-method> <!-- tearDown -->
      </class> <!-- testCases.TC_001_AccountRegistration -->
    </test> <!-- OpencartTest -->
  </suite> <!-- OpencartSuite -->
</testng-results>
