<?xml version="1.0" encoding="UTF-8"?>
<testng-results ignored="0" total="2" passed="2" failed="0" skipped="0">
  <reporter-output>
  </reporter-output>
  <suite started-at="2023-07-21T21:45:24 IST" name="OpencartSuite" finished-at="2023-07-21T21:45:36 IST" duration-ms="12831">
    <groups>
      <group name="Master">
        <method signature="TC_001_AccountRegistration.test_account_Registration()[pri:0, instance:testCases.TC_001_AccountRegistration@712625fd]" name="test_account_Registration" class="testCases.TC_001_AccountRegistration"/>
      </group> <!-- Master -->
      <group name="Regression">
        <method signature="TC_001_AccountRegistration.test_account_Registration()[pri:0, instance:testCases.TC_001_AccountRegistration@712625fd]" name="test_account_Registration" class="testCases.TC_001_AccountRegistration"/>
      </group> <!-- Regression -->
    </groups>
    <test started-at="2023-07-21T21:45:24 IST" name="OpencartTest" finished-at="2023-07-21T21:45:36 IST" duration-ms="12831">
      <class name="testCases.TC_001_AccountRegistration">
        <test-method is-config="true" signature="setup(java.lang.String)[pri:0, instance:testCases.TC_001_AccountRegistration@712625fd]" started-at="2023-07-21T21:45:24 IST" name="setup" finished-at="2023-07-21T21:45:30 IST" duration-ms="5925" status="PASS">
          <params>
            <param index="0">
              <value>
                <![CDATA[chrome]]>
              </value>
            </param>
          </params>
          <reporter-output>
          </reporter-output>
        </test-method> <!-- setup -->
        <test-method signature="test_account_Registration()[pri:0, instance:testCases.TC_001_AccountRegistration@712625fd]" started-at="2023-07-21T21:45:30 IST" name="test_account_Registration" finished-at="2023-07-21T21:45:35 IST" duration-ms="5006" status="PASS">
          <reporter-output>
          </reporter-output>
        </test-method> <!-- test_account_Registration -->
        <test-method signature="test_account_Registration1()[pri:0, instance:testCases.TC_001_AccountRegistration@712625fd]" started-at="2023-07-21T21:45:35 IST" name="test_account_Registration1" finished-at="2023-07-21T21:45:36 IST" duration-ms="1134" status="PASS">
          <reporter-output>
          </reporter-output>
        </test-method> <!-- test_account_Registration1 -->
        <test-method is-config="true" signature="tearDown()[pri:0, instance:testCases.TC_001_AccountRegistration@712625fd]" started-at="2023-07-21T21:45:36 IST" name="tearDown" finished-at="2023-07-21T21:45:36 IST" duration-ms="431" status="PASS">
          <reporter-output>
          </reporter-output>
        </test-method> <!-- tearDown -->
      </class> <!-- testCases.TC_001_AccountRegistration -->
    </test> <!-- OpencartTest -->
  </suite> <!-- OpencartSuite -->
</testng-results>
